[debug] [2017-12-20T16:38:55.734Z] ----------------------------------------------------------------------
[debug] [2017-12-20T16:38:55.737Z] Command:       /usr/local/bin/node /usr/local/bin/firebase deploy
[debug] [2017-12-20T16:38:55.737Z] CLI Version:   3.16.0
[debug] [2017-12-20T16:38:55.737Z] Platform:      darwin
[debug] [2017-12-20T16:38:55.737Z] Node Version:  v6.11.4
[debug] [2017-12-20T16:38:55.737Z] Time:          Wed Dec 20 2017 23:38:55 GMT+0700 (+07)
[debug] [2017-12-20T16:38:55.738Z] ----------------------------------------------------------------------
[debug] 
[debug] [2017-12-20T16:38:55.756Z] > command requires scopes: ["email","openid","https://www.googleapis.com/auth/cloudplatformprojects.readonly","https://www.googleapis.com/auth/firebase","https://www.googleapis.com/auth/cloud-platform"]
[debug] [2017-12-20T16:38:55.757Z] > authorizing via signed-in user
[debug] [2017-12-20T16:38:55.759Z] > refreshing access token with scopes: ["email","https://www.googleapis.com/auth/cloud-platform","https://www.googleapis.com/auth/cloudplatformprojects.readonly","https://www.googleapis.com/auth/firebase","openid"]
[debug] [2017-12-20T16:38:55.759Z] >>> HTTP REQUEST POST https://www.googleapis.com/oauth2/v3/token  
 { refresh_token: '1/oW_CMxLQGZIXVBfOJDtQgyBZLNHlBbNiFahE0dmbbio',
  client_id: '563584335869-fgrhgmd47bqnekij5i8b5pr03ho849e6.apps.googleusercontent.com',
  client_secret: 'j9iVZfS8kkCEFUPaAeJV0sAi',
  grant_type: 'refresh_token',
  scope: 'email https://www.googleapis.com/auth/cloud-platform https://www.googleapis.com/auth/cloudplatformprojects.readonly https://www.googleapis.com/auth/firebase openid' } 
 Wed Dec 20 2017 23:38:55 GMT+0700 (+07)
[debug] [2017-12-20T16:38:56.110Z] <<< HTTP RESPONSE 200
[debug] [2017-12-20T16:38:56.132Z] >>> HTTP REQUEST GET https://admin.firebase.com/v1/projects/arnondorablog  
  
 Wed Dec 20 2017 23:38:56 GMT+0700 (+07)
[debug] [2017-12-20T16:38:57.370Z] <<< HTTP RESPONSE 200
[debug] [2017-12-20T16:38:57.371Z] >>> HTTP REQUEST GET https://admin.firebase.com/v1/database/arnondorablog/tokens  
  
 Wed Dec 20 2017 23:38:57 GMT+0700 (+07)
[debug] [2017-12-20T16:38:59.441Z] <<< HTTP RESPONSE 200
[info] 
[info] === Deploying to 'arnondorablog'...
[info] 
[info] i  deploying database, storage, functions, hosting
[info] i  database: checking rules syntax...
[debug] [2017-12-20T16:39:00.857Z] >>> HTTP REQUEST PUT https://arnondorablog.firebaseio.com/.settings/rules.json?dryRun=true  
 {
  "rules": {
    ".read": "auth != null",
    ".write": "auth != null"
  }
}
 
 Wed Dec 20 2017 23:39:00 GMT+0700 (+07)
[debug] [2017-12-20T16:39:01.983Z] <<< HTTP RESPONSE 200
[info] ✔  database: rules syntax for database arnondorablog is valid
[debug] [2017-12-20T16:39:01.985Z] >>> HTTP REQUEST GET https://appengine.googleapis.com/v1/apps/arnondorablog  
  
 Wed Dec 20 2017 23:39:01 GMT+0700 (+07)
[debug] [2017-12-20T16:39:03.801Z] <<< HTTP RESPONSE 200
[info] i  storage: checking storage.rules for compilation errors...
[debug] [2017-12-20T16:39:03.806Z] >>> HTTP REQUEST POST https://firebaserules.googleapis.com/v1/projects/arnondorablog:test  
 { source: { files: [ [Object] ] } } 
 Wed Dec 20 2017 23:39:03 GMT+0700 (+07)
[debug] [2017-12-20T16:39:05.153Z] <<< HTTP RESPONSE 200
[info] ✔  storage: rules file storage.rules compiled successfully
[debug] [2017-12-20T16:39:05.157Z] > [functions] package.json contents: {
  "name": "functions",
  "description": "Cloud Functions for Firebase",
  "dependencies": {
    "firebase-admin": "~5.4.0",
    "firebase-functions": "^0.7.3"
  },
  "private": true
}
[info] i  functions: ensuring necessary APIs are enabled...
[debug] [2017-12-20T16:39:05.159Z] >>> HTTP REQUEST GET https://servicemanagement.googleapis.com/v1/services/cloudfunctions.googleapis.com/projectSettings/arnondorablog?view=CONSUMER_VIEW  
  
 Wed Dec 20 2017 23:39:05 GMT+0700 (+07)
[debug] [2017-12-20T16:39:05.160Z] >>> HTTP REQUEST GET https://servicemanagement.googleapis.com/v1/services/runtimeconfig.googleapis.com/projectSettings/arnondorablog?view=CONSUMER_VIEW  
  
 Wed Dec 20 2017 23:39:05 GMT+0700 (+07)
[debug] [2017-12-20T16:39:07.003Z] <<< HTTP RESPONSE 200
[debug] [2017-12-20T16:39:07.066Z] <<< HTTP RESPONSE 200
[info] ✔  functions: all necessary APIs are enabled
[debug] [2017-12-20T16:39:07.068Z] >>> HTTP REQUEST GET https://appengine.googleapis.com/v1/apps/arnondorablog  
  
 Wed Dec 20 2017 23:39:07 GMT+0700 (+07)
[debug] [2017-12-20T16:39:07.068Z] >>> HTTP REQUEST GET https://apikeys.googleapis.com/v1/projects/arnondorablog/apiKeys  
  
 Wed Dec 20 2017 23:39:07 GMT+0700 (+07)
[debug] [2017-12-20T16:39:08.636Z] <<< HTTP RESPONSE 200
[debug] [2017-12-20T16:39:08.637Z] <<< HTTP RESPONSE 200
[info] i  storage: uploading rules storage.rules...
[debug] [2017-12-20T16:39:08.642Z] >>> HTTP REQUEST POST https://firebaserules.googleapis.com/v1/projects/arnondorablog/rulesets  
 { source: { files: [ [Object] ] } } 
 Wed Dec 20 2017 23:39:08 GMT+0700 (+07)
[debug] [2017-12-20T16:39:09.972Z] <<< HTTP RESPONSE 200
[debug] [2017-12-20T16:39:09.972Z] [rules] created ruleset projects/arnondorablog/rulesets/83d78098-4ca4-4c81-a27e-52f5850db957
[info] i  functions: preparing functions directory for uploading...
[debug] [2017-12-20T16:39:17.337Z] >>> HTTP REQUEST GET https://runtimeconfig.googleapis.com/v1beta1/projects/arnondorablog/configs  
  
 Wed Dec 20 2017 23:39:17 GMT+0700 (+07)
[debug] [2017-12-20T16:39:17.870Z] <<< HTTP RESPONSE 200
[info] i  hosting: preparing public directory for upload...
[debug] [2017-12-20T16:39:27.568Z] >>> HTTP REQUEST PUT https://deploy.firebase.com/v1/hosting/arnondorablog/uploads/-L0omjrg4fzP579FZZEA?fileCount=596&message=  
  
 Wed Dec 20 2017 23:39:27 GMT+0700 (+07)
